ZeroMQ Performance Log (Ours) - Transport: IPC+SHM+OURS
==================================================================================================================================
ID    Method               Ser(ms)    Send(ms)   Recv(ms)   Deser(ms)  Comm(ms)     GPU(ms)    Total(ms)    Sent(KB)   Recv(KB)  
==================================================================================================================================
1     Init                 0.053      0.023      7.800      0.067      7.949        0.000      7.950        0.05       134.84    
2     Embedding            0.008      0.014      2.171      0.005      2.201        0.000      2.201        0.07       0.07      
3     BatchLinear          0.012      0.019      17.369     0.015      17.425       0.478      17.425       0.12       0.17      
4     Matmul               0.014      0.025      7.856      0.010      7.912        0.185      7.912        0.10       0.09      
5     Matmul               0.012      0.028      7.240      0.010      7.298        0.151      7.299        0.10       0.09      
6     BatchLinear          0.012      0.026      1.685      0.009      1.738        0.251      1.738        0.11       0.09      
7     BatchLinear          0.012      0.024      10.633     0.011      10.689       0.226      10.689       0.12       0.13      
8     BatchLinear          0.016      0.030      7.357      0.011      7.421        0.325      7.422        0.11       0.09      
9     BatchLinear          0.011      0.022      4.058      0.011      4.106        0.276      4.107        0.12       0.17      
10    Matmul               0.010      0.023      9.682      0.008      9.729        0.134      9.730        0.10       0.09      
11    Matmul               0.010      0.020      10.110     0.009      10.154       0.144      10.155       0.10       0.09      
12    BatchLinear          0.010      0.022      5.236      0.007      5.281        0.188      5.281        0.11       0.09      
13    BatchLinear          0.010      0.020      23.973     0.010      24.020       0.221      24.022       0.12       0.13      
14    BatchLinear          0.011      0.026      3.543      0.009      3.593        0.241      3.594        0.11       0.09      
15    BatchLinear          0.011      0.021      9.597      0.022      9.665        0.388      9.666        0.12       0.17      
16    Matmul               0.015      0.035      10.014     0.016      10.090       0.180      10.091       0.10       0.09      
17    Matmul               0.013      0.032      1.770      0.010      1.832        0.140      1.832        0.10       0.09      
18    BatchLinear          0.012      0.060      1.215      0.009      1.302        0.259      1.303        0.11       0.09      
19    BatchLinear          0.011      0.024      11.577     0.013      11.634       0.256      11.634       0.12       0.13      
20    BatchLinear          0.014      0.031      7.863      0.012      7.929        0.318      7.930        0.11       0.09      
21    BatchLinear          0.014      0.030      9.530      0.016      9.599        0.379      9.599        0.12       0.17      
22    Matmul               0.012      0.026      9.804      0.011      9.861        0.141      9.862        0.10       0.09      
23    Matmul               0.015      0.035      2.224      0.012      2.296        0.174      2.296        0.10       0.09      
24    BatchLinear          0.013      0.027      1.254      0.008      1.308        0.226      1.309        0.11       0.09      
25    BatchLinear          0.011      0.019      9.304      0.009      9.349        0.230      9.349        0.12       0.13      
26    BatchLinear          0.014      0.032      7.953      0.008      8.014        0.222      8.014        0.11       0.09      
27    BatchLinear          0.009      0.018      2.290      0.010      2.334        0.289      2.334        0.12       0.17      
28    Matmul               0.010      0.022      9.611      0.008      9.657        0.124      9.658        0.10       0.09      
29    Matmul               0.010      0.020      1.789      0.008      1.831        0.106      1.832        0.10       0.09      
30    BatchLinear          0.012      0.033      1.768      0.008      1.827        0.188      1.827        0.11       0.09      
31    BatchLinear          0.010      0.020      10.085     0.010      10.133       0.242      10.133       0.12       0.13      
32    BatchLinear          0.012      0.024      3.407      0.010      3.460        0.264      3.461        0.11       0.09      
33    BatchLinear          0.018      0.024      9.262      0.013      9.322        0.385      9.322        0.12       0.17      
34    Matmul               0.011      0.026      10.317     0.009      10.369       0.162      10.370       0.10       0.09      
35    Matmul               0.011      0.072      2.765      0.008      2.864        0.128      2.864        0.10       0.09      
36    BatchLinear          0.011      1.255      0.033      0.009      1.315        0.239      1.316        0.11       0.09      
37    BatchLinear          0.011      0.024      11.690     0.009      11.740       0.357      11.740       0.12       0.13      
38    BatchLinear          0.012      0.026      8.594      0.013      8.653        0.281      8.653        0.11       0.09      
39    BatchLinear          0.013      0.029      9.059      0.010      9.117        0.277      9.118        0.12       0.17      
40    Matmul               0.009      0.020      9.175      0.008      9.219        0.127      9.219        0.10       0.09      
41    Matmul               0.010      0.025      2.287      0.010      2.336        0.093      2.336        0.10       0.09      
42    BatchLinear          0.013      0.064      1.192      0.007      1.282        0.226      1.282        0.11       0.09      
43    BatchLinear          0.009      0.020      11.328     0.007      11.367       0.343      11.367       0.12       0.13      
44    BatchLinear          0.015      0.037      22.751     0.012      22.824       0.274      22.824       0.11       0.09      
45    BatchLinear          0.010      0.022      15.348     0.018      15.404       0.347      15.404       0.12       0.17      
46    Matmul               0.010      0.022      10.251     0.009      10.298       0.164      10.298       0.10       0.09      
47    Matmul               0.010      0.020      1.658      0.007      1.699        0.115      1.699        0.10       0.09      
48    BatchLinear          0.009      0.025      1.160      0.007      1.206        0.214      1.206        0.11       0.09      
49    BatchLinear          0.010      0.021      9.610      0.009      9.657        0.312      9.657        0.12       0.13      
50    BatchLinear          0.012      0.026      8.754      0.010      8.809        0.296      8.809        0.11       0.09      
51    BatchLinear          0.030      0.049      9.548      0.016      9.649        0.300      9.649        0.12       0.17      
52    Matmul               0.010      0.029      10.225     0.009      10.278       0.132      10.278       0.10       0.09      
53    Matmul               0.010      0.027      9.368      0.011      9.422        0.131      9.422        0.10       0.09      
54    BatchLinear          0.012      0.029      7.010      0.008      7.066        0.218      7.067        0.11       0.09      
55    BatchLinear          0.017      0.034      31.070     0.017      31.149       0.343      31.149       0.12       0.13      
56    BatchLinear          0.020      0.040      21.136     0.015      21.222       0.265      21.222       0.11       0.09      
57    BatchLinear          0.012      0.030      39.902     0.014      39.966       0.351      39.966       0.12       0.17      
58    Matmul               0.010      0.023      32.401     0.008      32.448       0.137      32.448       0.10       0.09      
59    Matmul               0.012      0.021      34.060     0.012      34.112       0.112      34.112       0.10       0.09      
60    BatchLinear          0.012      0.022      12.446     0.008      12.495       0.203      12.495       0.11       0.09      
61    BatchLinear          0.011      0.022      3.357      0.014      3.412        0.262      3.413        0.12       0.13      
62    BatchLinear          0.015      0.031      22.708     0.012      22.770       0.204      22.771       0.11       0.09      
63    BatchLinear          0.018      0.036      2.092      0.014      2.165        0.300      2.166        0.12       0.17      
64    Matmul               0.012      0.028      2.011      0.009      2.065        0.119      2.065        0.10       0.09      
65    Matmul               0.012      0.024      1.532      0.007      1.579        0.102      1.580        0.10       0.09      
66    BatchLinear          0.012      0.029      1.852      0.011      1.912        0.186      1.912        0.11       0.09      
67    BatchLinear          0.023      0.029      2.863      0.011      2.933        0.234      2.933        0.12       0.13      
68    BatchLinear          0.019      0.042      2.292      0.011      2.370        0.287      2.371        0.11       0.09      
69    BatchLinear          0.014      0.026      1.669      0.011      1.725        0.316      1.726        0.12       0.17      
70    Matmul               0.012      0.029      1.768      0.008      1.822        0.146      1.822        0.10       0.09      
71    Matmul               0.011      0.022      1.902      0.010      1.950        0.137      1.950        0.10       0.09      
72    BatchLinear          0.012      0.027      1.305      0.009      1.359        0.235      1.359        0.11       0.09      
73    BatchLinear          0.012      0.030      3.286      0.011      3.344        0.280      3.345        0.12       0.13      
74    BatchLinear          0.019      0.091      2.333      0.011      2.463        0.305      2.463        0.11       0.09      
75    BatchLinear          0.015      0.033      2.046      0.011      2.112        0.319      2.112        0.12       0.17      
76    Matmul               0.011      0.367      3.388      0.008      3.778        0.136      3.779        0.10       0.09      
77    Matmul               0.010      0.050      1.821      0.007      1.892        0.132      1.892        0.10       0.09      
78    BatchLinear          0.010      0.023      9.087      0.008      9.135        0.213      9.135        0.11       0.09      
79    BatchLinear          0.012      0.028      3.912      0.013      3.973        0.290      3.974        0.12       0.13      
80    BatchLinear          0.016      0.037      2.392      0.010      2.460        0.300      2.461        0.11       0.09      
81    BatchLinear          0.013      0.025      1.865      0.011      1.917        0.340      1.918        0.12       0.17      
82    Matmul               0.011      0.025      1.830      0.009      1.881        0.139      1.882        0.10       0.09      
83    Matmul               0.011      0.029      1.873      0.009      1.929        0.129      1.929        0.10       0.09      
84    BatchLinear          0.015      0.030      19.133     0.010      19.195       0.190      19.195       0.11       0.09      
85    BatchLinear          0.014      0.027      30.400     0.013      30.464       0.275      30.464       0.12       0.13      
86    BatchLinear          0.013      0.026      18.445     0.012      18.506       0.229      18.506       0.11       0.09      
87    BatchLinear          0.012      0.024      32.818     0.010      32.870       0.331      32.870       0.12       0.17      
88    Matmul               0.011      0.025      32.531     0.010      32.583       0.149      32.583       0.10       0.09      
89    Matmul               0.016      0.043      16.081     0.016      16.174       0.125      16.174       0.10       0.09      
90    BatchLinear          0.013      0.030      8.310      0.007      8.364        0.185      8.364        0.11       0.09      
91    BatchLinear          0.010      0.019      3.528      0.011      3.575        0.262      3.575        0.12       0.13      
92    BatchLinear          0.013      0.026      2.153      0.010      2.211        0.229      2.211        0.11       0.09      
93    BatchLinear          0.011      0.022      1.644      0.011      1.694        0.328      1.695        0.12       0.17      
94    Matmul               0.010      0.023      1.813      0.009      1.862        0.121      1.862        0.10       0.09      
95    Matmul               0.012      0.055      1.507      0.008      1.588        0.113      1.588        0.10       0.09      
96    BatchLinear          0.011      0.031      1.142      0.009      1.199        0.186      1.199        0.11       0.09      
97    BatchLinear          0.011      0.025      2.944      0.010      2.996        0.257      2.996        0.12       0.13      
98    BatchLinear          0.011      0.023      2.011      0.009      2.061        0.213      2.062        0.11       0.09      
99    LMHead               0.019      0.046      1.355      0.009      1.436        0.000      1.437        0.07       0.07      
1     Embedding            0.008      0.020      0.927      0.010      0.971        0.000      0.972        0.07       0.07      
2     BatchLinear          0.014      0.025      2.103      0.013      2.164        0.398      2.165        0.12       0.17      
3     Matmul               0.011      0.028      1.904      0.010      1.959        0.151      1.960        0.10       0.09      
4     Matmul               0.012      0.023      1.758      0.009      1.809        0.139      1.809        0.10       0.09      
5     BatchLinear          0.012      0.025      1.162      0.009      1.212        0.222      1.212        0.11       0.09      
6     BatchLinear          0.012      0.024      3.144      0.021      3.205        0.299      3.205        0.12       0.13      
7     BatchLinear          0.019      0.037      2.352      0.011      2.423        0.319      2.424        0.11       0.09      
8     BatchLinear          0.012      0.027      1.770      0.009      1.823        0.367      1.823        0.12       0.17      
9     Matmul               0.010      0.024      31.457     0.008      31.505       0.183      31.505       0.10       0.09      
10    Matmul               0.011      0.027      27.384     0.009      27.436       0.119      27.437       0.10       0.09      
11    BatchLinear          0.013      0.027      1.502      0.009      1.556        0.239      1.557        0.11       0.09      
12    BatchLinear          0.013      0.023      3.189      0.009      3.238        0.451      3.238        0.12       0.13      
13    BatchLinear          0.016      0.042      2.024      0.010      2.096        0.208      2.096        0.11       0.09      
14    BatchLinear          0.012      0.025      1.670      0.010      1.721        0.291      1.721        0.12       0.17      
15    Matmul               0.010      0.023      1.640      0.007      1.684        0.117      1.684        0.10       0.09      
16    Matmul               0.010      0.019      1.535      0.007      1.575        0.101      1.575        0.10       0.09      
17    BatchLinear          0.009      0.018      1.123      0.006      1.159        0.189      1.160        0.11       0.09      
18    BatchLinear          0.011      0.020      3.811      0.016      3.861        0.278      3.862        0.12       0.13      
19    BatchLinear          0.016      0.034      2.756      0.011      2.821        0.199      2.821        0.11       0.09      
20    BatchLinear          0.012      0.025      2.592      0.014      2.651        0.345      2.652        0.12       0.17      
21    Matmul               0.018      0.030      1.984      0.010      2.048        0.173      2.049        0.10       0.09      
22    Matmul               0.012      0.023      1.697      0.009      1.745        0.125      1.745        0.10       0.09      
23    BatchLinear          0.011      0.025      1.357      0.009      1.406        0.256      1.407        0.11       0.09      
24    BatchLinear          0.011      0.025      2.971      0.009      3.021        0.265      3.021        0.12       0.13      
25    BatchLinear          0.018      0.038      2.192      0.010      2.264        0.300      2.265        0.11       0.09      
26    BatchLinear          0.013      0.030      1.717      0.010      1.775        0.330      1.775        0.12       0.17      
27    Matmul               0.010      0.021      1.606      0.008      1.650        0.124      1.650        0.10       0.09      
28    Matmul               0.010      0.019      1.578      0.007      1.619        0.116      1.620        0.10       0.09      
29    BatchLinear          0.009      0.022      1.253      0.008      1.298        0.238      1.299        0.11       0.09      
30    BatchLinear          0.010      0.024      2.995      0.010      3.046        0.288      3.046        0.12       0.13      
31    BatchLinear          0.015      0.037      2.211      0.013      2.286        0.264      2.286        0.11       0.09      
32    BatchLinear          0.012      0.027      2.107      0.012      2.163        0.431      2.164        0.12       0.17      
33    Matmul               0.012      0.028      1.945      0.009      1.998        0.147      1.998        0.10       0.09      
34    Matmul               0.011      0.022      1.740      0.008      1.784        0.125      1.785        0.10       0.09      
35    BatchLinear          0.011      0.022      1.195      0.008      1.239        0.203      1.240        0.11       0.09      
36    BatchLinear          0.011      0.024      3.137      0.009      3.185        0.298      3.185        0.12       0.13      
37    BatchLinear          0.018      0.039      12.774     0.010      12.849       3.141      12.849       0.11       0.09      
38    BatchLinear          0.014      0.026      43.841     0.023      43.915       0.290      43.916       0.12       0.17      
39    Matmul               0.012      0.027      9.520      0.009      9.577        0.140      9.578        0.10       0.09      
40    Matmul               0.012      0.023      2.405      0.011      2.458        0.098      2.459        0.10       0.09      
41    BatchLinear          0.012      0.036      1.161      0.009      1.224        0.184      1.224        0.11       0.09      
42    BatchLinear          0.012      0.054      2.859      0.010      2.965        0.238      2.965        0.12       0.13      
43    BatchLinear          0.012      0.026      2.212      0.010      2.266        0.227      2.266        0.11       0.09      
44    BatchLinear          0.013      0.027      1.679      0.011      1.737        0.288      1.737        0.12       0.17      
45    Matmul               0.012      0.023      1.899      0.010      1.950        0.122      1.951        0.10       0.09      
46    Matmul               0.012      0.025      1.568      0.008      1.620        0.113      1.620        0.10       0.09      
47    BatchLinear          0.011      0.061      1.137      0.009      1.225        0.192      1.225        0.11       0.09      
48    BatchLinear          0.011      0.026      2.955      0.010      3.009        0.242      3.009        0.12       0.13      
49    BatchLinear          0.011      0.024      2.058      0.010      2.109        0.227      2.110        0.11       0.09      
50    BatchLinear          0.012      0.028      1.659      0.011      1.715        0.296      1.716        0.12       0.17      
51    Matmul               0.011      0.024      2.026      0.009      2.075        0.124      2.076        0.10       0.09      
52    Matmul               0.012      0.033      1.672      0.008      1.731        0.113      1.731        0.10       0.09      
53    BatchLinear          0.011      1.169      0.010      0.009      1.204        0.191      1.205        0.11       0.09      
54    BatchLinear          0.011      0.134      2.811      0.010      2.976        0.245      2.976        0.12       0.13      
55    BatchLinear          0.029      0.067      2.746      0.027      2.876        0.200      2.877        0.11       0.09      
56    BatchLinear          0.014      0.030      2.369      0.011      2.429        0.319      2.429        0.12       0.17      
57    Matmul               0.012      0.030      2.343      0.011      2.400        0.126      2.401        0.10       0.09      
58    Matmul               0.011      0.023      1.562      0.008      1.608        0.104      1.608        0.10       0.09      
59    BatchLinear          0.011      0.021      1.144      0.008      1.188        0.190      1.189        0.11       0.09      
60    BatchLinear          0.012      0.023      2.806      0.011      2.857        0.224      2.857        0.12       0.13      
61    BatchLinear          0.018      0.036      2.857      0.013      2.930        0.218      2.930        0.11       0.09      
62    BatchLinear          0.014      0.026      2.330      0.010      2.384        0.276      2.385        0.12       0.17      
63    Matmul               0.012      0.029      57.877     0.012      57.938       0.129      57.938       0.10       0.09      
64    Matmul               0.013      0.025      36.132     0.021      36.204       0.131      36.205       0.10       0.09      
65    BatchLinear          0.010      0.021      1.515      0.007      1.558        0.185      1.558        0.11       0.09      
66    BatchLinear          0.011      0.021      3.188      0.009      3.233        0.254      3.233        0.12       0.13      
67    BatchLinear          0.016      0.033      4.082      0.010      4.146        0.186      4.146        0.11       0.09      
68    BatchLinear          0.014      0.029      3.864      0.017      3.934        0.285      3.935        0.12       0.17      
69    Matmul               0.013      0.028      2.373      0.011      2.429        0.136      2.429        0.10       0.09      
70    Matmul               0.012      0.024      1.650      0.009      1.698        0.111      1.699        0.10       0.09      
71    BatchLinear          0.011      0.022      1.204      0.008      1.249        0.188      1.250        0.11       0.09      
72    BatchLinear          0.016      0.028      3.952      0.012      4.017        0.284      4.018        0.12       0.13      
73    BatchLinear          0.017      0.036      20.045     0.012      20.118       0.256      20.118       0.11       0.09      
74    BatchLinear          0.014      0.026      42.023     0.012      42.085       0.321      42.086       0.12       0.17      
75    Matmul               0.016      0.043      40.789     0.023      40.885       0.130      40.886       0.10       0.09      
76    Matmul               0.014      0.029      22.276     0.022      22.356       0.150      22.357       0.10       0.09      
77    BatchLinear          0.014      0.029      28.228     0.010      28.290       0.210      28.290       0.11       0.09      
78    BatchLinear          0.014      0.026      6.944      0.010      7.002        0.256      7.003        0.12       0.13      
79    BatchLinear          0.016      0.037      21.403     0.013      21.478       0.214      21.478       0.11       0.09      
80    BatchLinear          0.015      0.033      31.507     0.013      31.577       0.302      31.577       0.12       0.17      
81    Matmul               0.013      0.027      1.995      0.012      2.057        0.127      2.057        0.10       0.09      
82    Matmul               0.014      0.031      1.566      0.008      1.624        0.114      1.625        0.10       0.09      
83    BatchLinear          0.010      0.018      8.760      0.006      8.799        0.203      8.799        0.11       0.09      
84    BatchLinear          0.012      0.027      3.162      0.011      3.218        0.241      3.218        0.12       0.13      
85    BatchLinear          0.018      0.037      2.477      0.011      2.549        0.207      2.550        0.11       0.09      
86    BatchLinear          0.013      0.027      1.617      0.011      1.673        0.273      1.673        0.12       0.17      
87    Matmul               0.010      0.022      34.331     0.010      34.381       0.132      34.382       0.10       0.09      
88    Matmul               0.012      0.023      31.768     0.011      31.822       0.117      31.823       0.10       0.09      
89    BatchLinear          0.012      0.028      1.152      0.009      1.206        0.196      1.207        0.11       0.09      
90    BatchLinear          0.016      0.033      12.570     0.014      12.641       0.257      12.642       0.12       0.13      
91    BatchLinear          0.016      0.031      7.978      0.014      8.049        0.184      8.050        0.11       0.09      
92    BatchLinear          0.015      0.033      37.448     0.012      37.516       0.299      37.517       0.12       0.17      
93    Matmul               0.014      0.029      9.405      0.009      9.460        0.129      9.461        0.10       0.09      
94    Matmul               0.011      0.022      2.298      0.010      2.348        0.095      2.349        0.10       0.09      
95    BatchLinear          0.011      0.024      4.634      0.012      4.687        0.153      4.688        0.11       0.09      
96    BatchLinear          0.012      0.024      2.949      0.011      3.003        0.252      3.003        0.12       0.13      
97    BatchLinear          0.018      0.035      1.821      0.012      1.892        0.202      1.893        0.11       0.09      
98    LMHead               0.011      0.026      0.887      0.007      0.935        0.000      0.936        0.07       0.07      

========================================================================================================================
SUMMARY (Our Scheme)
========================================================================================================================
Total RPC Calls: 98

Prefill Wall-Clock Time:
  Total: 1.9065 s

Communication Time:
  Total: 0.7421 s (7.572 ms/call)

GPU Computation Time:
  Total: 0.0233 s (0.238 ms/call)

TEE Computation Time (Prefill - GPU - Comm):
  Total: 1.1411 s (11.644 ms/call)

Operation Statistics:
  Linear (count=112):
    Avg Total: 12.304 ms
    Avg TEE:   8.584 ms
    Avg GPU:   0.172 ms
    Avg Comm:  3.548 ms
  Matmul (count=32):
    Avg Total: 13.320 ms
    Avg TEE:   2.461 ms
    Avg GPU:   0.127 ms
    Avg Comm:  10.732 ms
========================================================================================================================
